c:\users\田上　皓基\onedrive\デスクトップ\ゲーム作ってみた\dxlib使ってみた\shooting-game\gameno.1\x64\debug\vc142.pdb
c:\users\田上　皓基\onedrive\デスクトップ\ゲーム作ってみた\dxlib使ってみた\shooting-game\gameno.1\x64\debug\vc142.idb
c:\users\田上　皓基\onedrive\デスクトップ\ゲーム作ってみた\dxlib使ってみた\shooting-game\gameno.1\x64\debug\texturemanager.obj
c:\users\田上　皓基\onedrive\デスクトップ\ゲーム作ってみた\dxlib使ってみた\shooting-game\gameno.1\x64\debug\player.obj
c:\users\田上　皓基\onedrive\デスクトップ\ゲーム作ってみた\dxlib使ってみた\shooting-game\gameno.1\x64\debug\mathematics.obj
c:\users\田上　皓基\onedrive\デスクトップ\ゲーム作ってみた\dxlib使ってみた\shooting-game\gameno.1\x64\debug\main.obj
c:\users\田上　皓基\onedrive\デスクトップ\ゲーム作ってみた\dxlib使ってみた\shooting-game\gameno.1\x64\debug\keyboardcontroller.obj
c:\users\田上　皓基\onedrive\デスクトップ\ゲーム作ってみた\dxlib使ってみた\shooting-game\gameno.1\x64\debug\bullet.obj
c:\users\田上　皓基\onedrive\デスクトップ\ゲーム作ってみた\dxlib使ってみた\shooting-game\gameno.1\x64\debug\objcontrol.obj
c:\users\田上　皓基\onedrive\デスクトップ\ゲーム作ってみた\dxlib使ってみた\shooting-game\gameno.1\x64\debug\enemy.obj
c:\users\田上　皓基\onedrive\デスクトップ\ゲーム作ってみた\dxlib使ってみた\shooting-game\gameno.1\x64\debug\background.obj
c:\users\田上　皓基\onedrive\デスクトップ\ゲーム作ってみた\dxlib使ってみた\shooting-game\x64\debug\gameno.1.exe
c:\users\田上　皓基\onedrive\デスクトップ\ゲーム作ってみた\dxlib使ってみた\shooting-game\x64\debug\gameno.1.ilk
c:\users\田上　皓基\onedrive\デスクトップ\ゲーム作ってみた\dxlib使ってみた\shooting-game\x64\debug\gameno.1.pdb
c:\users\田上　皓基\onedrive\デスクトップ\ゲーム作ってみた\dxlib使ってみた\shooting-game\gameno.1\x64\debug\gameno.1.tlog\cl.command.1.tlog
c:\users\田上　皓基\onedrive\デスクトップ\ゲーム作ってみた\dxlib使ってみた\shooting-game\gameno.1\x64\debug\gameno.1.tlog\cl.read.1.tlog
c:\users\田上　皓基\onedrive\デスクトップ\ゲーム作ってみた\dxlib使ってみた\shooting-game\gameno.1\x64\debug\gameno.1.tlog\cl.write.1.tlog
c:\users\田上　皓基\onedrive\デスクトップ\ゲーム作ってみた\dxlib使ってみた\shooting-game\gameno.1\x64\debug\gameno.1.tlog\link.command.1.tlog
c:\users\田上　皓基\onedrive\デスクトップ\ゲーム作ってみた\dxlib使ってみた\shooting-game\gameno.1\x64\debug\gameno.1.tlog\link.read.1.tlog
c:\users\田上　皓基\onedrive\デスクトップ\ゲーム作ってみた\dxlib使ってみた\shooting-game\gameno.1\x64\debug\gameno.1.tlog\link.write.1.tlog
